C:\Personal\EmployeeManagementSystem\EmployeeManagementSystem\scripts\out-tsc\angularApp\e2e\src\app.po.js
C:\Personal\EmployeeManagementSystem\EmployeeManagementSystem\scripts\out-tsc\angularApp\e2e\src\app.po.js.map
C:\Personal\EmployeeManagementSystem\EmployeeManagementSystem\scripts\out-tsc\angularApp\e2e\src\app.e2e-spec.js
C:\Personal\EmployeeManagementSystem\EmployeeManagementSystem\scripts\out-tsc\angularApp\e2e\src\app.e2e-spec.js.map
C:\Personal\EmployeeManagementSystem\EmployeeManagementSystem\scripts\out-tsc\src\app\app-routing.module.js
C:\Personal\EmployeeManagementSystem\EmployeeManagementSystem\scripts\out-tsc\src\app\app-routing.module.js.map
C:\Personal\EmployeeManagementSystem\EmployeeManagementSystem\scripts\out-tsc\src\app\app.component.js
C:\Personal\EmployeeManagementSystem\EmployeeManagementSystem\scripts\out-tsc\src\app\app.component.js.map
C:\Personal\EmployeeManagementSystem\EmployeeManagementSystem\scripts\out-tsc\src\app\app.module.js
C:\Personal\EmployeeManagementSystem\EmployeeManagementSystem\scripts\out-tsc\src\app\app.module.js.map
C:\Personal\EmployeeManagementSystem\EmployeeManagementSystem\scripts\out-tsc\src\environments\environment.js
C:\Personal\EmployeeManagementSystem\EmployeeManagementSystem\scripts\out-tsc\src\environments\environment.js.map
C:\Personal\EmployeeManagementSystem\EmployeeManagementSystem\scripts\out-tsc\src\main.js
C:\Personal\EmployeeManagementSystem\EmployeeManagementSystem\scripts\out-tsc\src\main.js.map
C:\Personal\EmployeeManagementSystem\EmployeeManagementSystem\scripts\out-tsc\src\polyfills.js
C:\Personal\EmployeeManagementSystem\EmployeeManagementSystem\scripts\out-tsc\src\polyfills.js.map
C:\Personal\EmployeeManagementSystem\EmployeeManagementSystem\scripts\out-tsc\src\test.js
C:\Personal\EmployeeManagementSystem\EmployeeManagementSystem\scripts\out-tsc\src\test.js.map
C:\Personal\EmployeeManagementSystem\EmployeeManagementSystem\scripts\out-tsc\src\app\app.component.spec.js
C:\Personal\EmployeeManagementSystem\EmployeeManagementSystem\scripts\out-tsc\src\app\app.component.spec.js.map
C:\Personal\EmployeeManagementSystem\EmployeeManagementSystem\scripts\out-tsc\src\app\employeeInfo.js
C:\Personal\EmployeeManagementSystem\EmployeeManagementSystem\scripts\out-tsc\src\app\employeeInfo.js.map
C:\Personal\EmployeeManagementSystem\EmployeeManagementSystem\scripts\out-tsc\src\app\employee.service.js
C:\Personal\EmployeeManagementSystem\EmployeeManagementSystem\scripts\out-tsc\src\app\employee.service.js.map
C:\Personal\EmployeeManagementSystem\EmployeeManagementSystem\scripts\out-tsc\src\app\employee\employee.component.js
C:\Personal\EmployeeManagementSystem\EmployeeManagementSystem\scripts\out-tsc\src\app\employee\employee.component.js.map
C:\Personal\EmployeeManagementSystem\EmployeeManagementSystem\scripts\out-tsc\src\app\employee\employee.component.spec.js
C:\Personal\EmployeeManagementSystem\EmployeeManagementSystem\scripts\out-tsc\src\app\employee\employee.component.spec.js.map
C:\Personal\EmployeeManagementSystem\EmployeeManagementSystem\scripts\out-tsc\src\environments\environment.prod.js
C:\Personal\EmployeeManagementSystem\EmployeeManagementSystem\scripts\out-tsc\src\environments\environment.prod.js.map
